13:24:25.781 [main] INFO  testCases.Tc_001_AccountRegistration - starting Tc_001_AccountRegistration 
13:24:25.792 [main] DEBUG testCases.Tc_001_AccountRegistration - capturing debug logs
13:24:25.792 [main] TRACE testCases.Tc_001_AccountRegistration - capturing trace logs.......
13:24:25.823 [main] INFO  testCases.Tc_001_AccountRegistration - clicking on my account
13:24:26.550 [main] INFO  testCases.Tc_001_AccountRegistration - clicking on registration
13:24:26.990 [main] INFO  testCases.Tc_001_AccountRegistration - passing user details
13:24:27.786 [main] INFO  testCases.Tc_001_AccountRegistration - clicking on continue
13:26:34.730 [main] INFO  testCases.Tc_001_AccountRegistration - starting Tc_001_AccountRegistration 
13:26:34.736 [main] DEBUG testCases.Tc_001_AccountRegistration - capturing debug logs
13:26:34.736 [main] TRACE testCases.Tc_001_AccountRegistration - capturing trace logs.......
13:26:34.769 [main] INFO  testCases.Tc_001_AccountRegistration - clicking on my account
13:26:35.454 [main] INFO  testCases.Tc_001_AccountRegistration - clicking on registration
13:26:35.942 [main] INFO  testCases.Tc_001_AccountRegistration - passing user details
13:26:36.736 [main] INFO  testCases.Tc_001_AccountRegistration - clicking on continue
13:28:46.468 [main] INFO  testCases.Tc_001_AccountRegistration - starting Tc_001_AccountRegistration 
13:28:46.476 [main] DEBUG testCases.Tc_001_AccountRegistration - capturing debug logs
13:28:46.476 [main] TRACE testCases.Tc_001_AccountRegistration - capturing trace logs.......
13:28:46.508 [main] INFO  testCases.Tc_001_AccountRegistration - clicking on my account
13:28:47.198 [main] INFO  testCases.Tc_001_AccountRegistration - clicking on registration
13:28:47.656 [main] INFO  testCases.Tc_001_AccountRegistration - passing user details
13:28:48.490 [main] INFO  testCases.Tc_001_AccountRegistration - clicking on continue
12:45:29.227 [main] INFO  testCases.Tc_001_AccountRegistration - starting Tc_001_AccountRegistration 
12:45:29.239 [main] DEBUG testCases.Tc_001_AccountRegistration - capturing debug logs
12:45:29.240 [main] TRACE testCases.Tc_001_AccountRegistration - capturing trace logs.......
12:45:29.290 [main] INFO  testCases.Tc_001_AccountRegistration - clicking on my account
12:45:30.231 [main] INFO  testCases.Tc_001_AccountRegistration - clicking on registration
12:45:30.935 [main] INFO  testCases.Tc_001_AccountRegistration - passing user details
12:45:31.784 [main] INFO  testCases.Tc_001_AccountRegistration - clicking on continue
12:53:53.222 [main] INFO  testCases.Tc_001_AccountRegistration - starting Tc_001_AccountRegistration 
12:53:53.232 [main] DEBUG testCases.Tc_001_AccountRegistration - capturing debug logs
12:53:53.232 [main] TRACE testCases.Tc_001_AccountRegistration - capturing trace logs.......
12:53:53.273 [main] INFO  testCases.Tc_001_AccountRegistration - clicking on my account
12:53:54.156 [main] INFO  testCases.Tc_001_AccountRegistration - clicking on registration
12:53:54.663 [main] INFO  testCases.Tc_001_AccountRegistration - passing user details
12:53:55.516 [main] INFO  testCases.Tc_001_AccountRegistration - clicking on continue
12:57:10.523 [main] INFO  testCases.Tc_001_AccountRegistration - starting Tc_001_AccountRegistration 
12:57:10.534 [main] DEBUG testCases.Tc_001_AccountRegistration - capturing debug logs
12:57:10.534 [main] TRACE testCases.Tc_001_AccountRegistration - capturing trace logs.......
12:57:10.570 [main] INFO  testCases.Tc_001_AccountRegistration - clicking on my account
12:57:11.465 [main] INFO  testCases.Tc_001_AccountRegistration - clicking on registration
12:57:12.141 [main] INFO  testCases.Tc_001_AccountRegistration - passing user details
12:57:13.011 [main] INFO  testCases.Tc_001_AccountRegistration - clicking on continue
12:57:23.833 [main] INFO  testCases.Tc_001_AccountRegistration - starting Tc_001_AccountRegistration 
12:57:23.833 [main] DEBUG testCases.Tc_001_AccountRegistration - capturing debug logs
12:57:23.834 [main] TRACE testCases.Tc_001_AccountRegistration - capturing trace logs.......
12:57:23.835 [main] INFO  testCases.Tc_001_AccountRegistration - clicking on my account
12:57:23.965 [main] INFO  testCases.Tc_001_AccountRegistration - clicking on registration
12:57:24.331 [main] INFO  testCases.Tc_001_AccountRegistration - passing user details
12:57:25.468 [main] INFO  testCases.Tc_001_AccountRegistration - clicking on continue
12:58:13.127 [main] INFO  testCases.Tc_001_AccountRegistration - starting Tc_001_AccountRegistration 
12:58:13.135 [main] DEBUG testCases.Tc_001_AccountRegistration - capturing debug logs
12:58:13.135 [main] TRACE testCases.Tc_001_AccountRegistration - capturing trace logs.......
12:58:13.179 [main] INFO  testCases.Tc_001_AccountRegistration - clicking on my account
12:58:14.267 [main] INFO  testCases.Tc_001_AccountRegistration - clicking on registration
12:58:14.925 [main] INFO  testCases.Tc_001_AccountRegistration - passing user details
12:58:15.983 [main] INFO  testCases.Tc_001_AccountRegistration - clicking on continue
12:58:20.425 [main] INFO  testCases.Tc_001_AccountRegistration - starting Tc_001_AccountRegistration 
12:58:20.426 [main] DEBUG testCases.Tc_001_AccountRegistration - capturing debug logs
12:58:20.426 [main] TRACE testCases.Tc_001_AccountRegistration - capturing trace logs.......
12:58:20.426 [main] INFO  testCases.Tc_001_AccountRegistration - clicking on my account
12:58:20.545 [main] INFO  testCases.Tc_001_AccountRegistration - clicking on registration
12:58:21.670 [main] INFO  testCases.Tc_001_AccountRegistration - passing user details
12:58:22.544 [main] INFO  testCases.Tc_001_AccountRegistration - clicking on continue
12:59:24.502 [TestNG-tests-2] INFO  testCases.Tc_001_AccountRegistration - starting Tc_001_AccountRegistration 
12:59:24.502 [TestNG-tests-1] INFO  testCases.Tc_001_AccountRegistration - starting Tc_001_AccountRegistration 
12:59:24.508 [TestNG-tests-2] DEBUG testCases.Tc_001_AccountRegistration - capturing debug logs
12:59:24.508 [TestNG-tests-1] DEBUG testCases.Tc_001_AccountRegistration - capturing debug logs
12:59:24.508 [TestNG-tests-1] TRACE testCases.Tc_001_AccountRegistration - capturing trace logs.......
12:59:24.508 [TestNG-tests-2] TRACE testCases.Tc_001_AccountRegistration - capturing trace logs.......
12:59:24.546 [TestNG-tests-2] INFO  testCases.Tc_001_AccountRegistration - clicking on my account
12:59:24.550 [TestNG-tests-1] INFO  testCases.Tc_001_AccountRegistration - clicking on my account
12:59:24.688 [TestNG-tests-2] INFO  testCases.Tc_001_AccountRegistration - clicking on registration
12:59:24.874 [TestNG-tests-1] INFO  testCases.Tc_001_AccountRegistration - clicking on registration
13:01:02.410 [TestNG-tests-1] INFO  testCases.Tc_001_AccountRegistration - starting Tc_001_AccountRegistration 
13:01:02.423 [TestNG-tests-1] DEBUG testCases.Tc_001_AccountRegistration - capturing debug logs
13:01:02.423 [TestNG-tests-1] TRACE testCases.Tc_001_AccountRegistration - capturing trace logs.......
13:01:02.577 [TestNG-tests-1] INFO  testCases.Tc_001_AccountRegistration - clicking on my account
13:01:04.604 [TestNG-tests-2] INFO  testCases.Tc_001_AccountRegistration - starting Tc_001_AccountRegistration 
13:01:04.606 [TestNG-tests-2] DEBUG testCases.Tc_001_AccountRegistration - capturing debug logs
13:01:04.606 [TestNG-tests-2] TRACE testCases.Tc_001_AccountRegistration - capturing trace logs.......
13:01:04.607 [TestNG-tests-2] INFO  testCases.Tc_001_AccountRegistration - clicking on my account
13:01:04.755 [TestNG-tests-2] INFO  testCases.Tc_001_AccountRegistration - clicking on registration
13:01:04.938 [TestNG-tests-1] INFO  testCases.Tc_001_AccountRegistration - clicking on registration
13:01:05.686 [TestNG-tests-1] INFO  testCases.Tc_001_AccountRegistration - passing user details
13:01:07.349 [TestNG-tests-2] INFO  testCases.Tc_001_AccountRegistration - passing user details
13:01:08.854 [TestNG-tests-1] INFO  testCases.Tc_001_AccountRegistration - clicking on continue
13:01:08.932 [TestNG-tests-2] INFO  testCases.Tc_001_AccountRegistration - clicking on continue
11:45:45.952 [main] INFO  testCases.Tc_001_AccountRegistration - starting Tc_001_AccountRegistration 
11:45:45.966 [main] DEBUG testCases.Tc_001_AccountRegistration - capturing debug logs
11:45:45.967 [main] TRACE testCases.Tc_001_AccountRegistration - capturing trace logs.......
11:45:46.005 [main] INFO  testCases.Tc_001_AccountRegistration - clicking on my account
11:45:46.864 [main] INFO  testCases.Tc_001_AccountRegistration - clicking on registration
11:45:47.526 [main] INFO  testCases.Tc_001_AccountRegistration - passing user details
11:45:48.547 [main] INFO  testCases.Tc_001_AccountRegistration - clicking on continue
09:30:37.301 [main] DEBUG org.apache.poi.openxml4j.opc.PackageRelationshipCollection - Parsing relationship: /xl/_rels/workbook.xml.rels
09:30:37.311 [main] DEBUG org.apache.poi.openxml4j.opc.PackageRelationshipCollection - Parsing relationship: /xl/worksheets/_rels/sheet1.xml.rels
09:30:37.315 [main] DEBUG org.apache.poi.openxml4j.opc.PackageRelationshipCollection - Parsing relationship: /_rels/.rels
09:30:37.615 [main] TRACE org.apache.xmlbeans.impl.common.XBeanDebug - Loading type system org.apache.poi.schemas.ooxml.system.ooxml
09:30:37.620 [main] TRACE org.apache.xmlbeans.impl.common.XBeanDebug - Loading type system org.apache.xmlbeans.metadata.system.sXMLCONFIG
09:30:37.621 [main] TRACE org.apache.xmlbeans.impl.common.XBeanDebug - Loading type system org.apache.xmlbeans.metadata.system.sXMLLANG
09:30:37.622 [main] TRACE org.apache.xmlbeans.impl.common.XBeanDebug - Loading type system org.apache.xmlbeans.metadata.system.sXMLSCHEMA
09:30:37.622 [main] TRACE org.apache.xmlbeans.impl.common.XBeanDebug - Loading type system org.apache.xmlbeans.metadata.system.sXMLTOOLS
09:30:37.624 [main] TRACE org.apache.xmlbeans.impl.common.XBeanDebug - Reading unresolved handles for type system org.apache.xmlbeans.metadata.system.sXMLTOOLS
09:30:37.644 [main] TRACE org.apache.xmlbeans.impl.common.XBeanDebug - Finished loading type system org.apache.xmlbeans.metadata.system.sXMLTOOLS
09:30:37.645 [main] TRACE org.apache.xmlbeans.impl.common.XBeanDebug - Reading unresolved handles for type system org.apache.xmlbeans.metadata.system.sXMLSCHEMA
09:30:37.655 [main] TRACE org.apache.xmlbeans.impl.common.XBeanDebug - Finished loading type system org.apache.xmlbeans.metadata.system.sXMLSCHEMA
09:30:37.657 [main] TRACE org.apache.xmlbeans.impl.common.XBeanDebug - Reading unresolved handles for type system org.apache.xmlbeans.metadata.system.sXMLLANG
09:30:37.658 [main] TRACE org.apache.xmlbeans.impl.common.XBeanDebug - Finished loading type system org.apache.xmlbeans.metadata.system.sXMLLANG
09:30:37.660 [main] TRACE org.apache.xmlbeans.impl.common.XBeanDebug - Reading unresolved handles for type system org.apache.xmlbeans.metadata.system.sXMLCONFIG
09:30:37.661 [main] TRACE org.apache.xmlbeans.impl.common.XBeanDebug - Finished loading type system org.apache.xmlbeans.metadata.system.sXMLCONFIG
09:30:37.662 [main] TRACE org.apache.xmlbeans.impl.common.XBeanDebug - Reading unresolved handles for type system org.apache.poi.schemas.ooxml.system.ooxml
09:30:37.750 [main] TRACE org.apache.xmlbeans.impl.common.XBeanDebug - Finished loading type system org.apache.poi.schemas.ooxml.system.ooxml
09:30:37.752 [main] TRACE org.apache.xmlbeans.impl.common.XBeanDebug - Resolving type for handle themefd26doctype
09:30:37.835 [main] TRACE org.apache.xmlbeans.impl.common.XBeanDebug - Resolving type for handle stylesheet5d8bdoctype
09:30:37.843 [main] TRACE org.apache.xmlbeans.impl.common.XBeanDebug - Resolving type for handle ctstylesheet4257type
09:30:37.849 [main] TRACE org.apache.xmlbeans.impl.common.XBeanDebug - Resolving type for handle ctfonts6623type
09:30:37.853 [main] TRACE org.apache.xmlbeans.impl.common.XBeanDebug - Resolving type for handle ctfont14d8type
09:30:37.860 [main] TRACE org.apache.xmlbeans.impl.common.XBeanDebug - Resolving type for handle ctfills2c6ftype
09:30:37.863 [main] TRACE org.apache.xmlbeans.impl.common.XBeanDebug - Resolving type for handle ctfill550ctype
09:30:37.866 [main] TRACE org.apache.xmlbeans.impl.common.XBeanDebug - Resolving type for handle ctborders0d66type
09:30:37.869 [main] TRACE org.apache.xmlbeans.impl.common.XBeanDebug - Resolving type for handle ctborderf935type
09:30:37.873 [main] TRACE org.apache.xmlbeans.impl.common.XBeanDebug - Resolving type for handle ctcellxfs1322type
09:30:37.878 [main] TRACE org.apache.xmlbeans.impl.common.XBeanDebug - Resolving type for handle ctxf97f7type
09:30:37.883 [main] TRACE org.apache.xmlbeans.impl.common.XBeanDebug - Resolving type for handle ctcellstylexfsa81ftype
09:30:37.888 [main] TRACE org.apache.xmlbeans.impl.common.XBeanDebug - Resolving type for handle ctdxfsb26atype
09:30:37.893 [main] TRACE org.apache.xmlbeans.impl.common.XBeanDebug - Resolving type for handle cttablestyles872ftype
09:30:37.898 [main] TRACE org.apache.xmlbeans.impl.common.XBeanDebug - Resolving type for handle sstf81fdoctype
09:30:37.903 [main] TRACE org.apache.xmlbeans.impl.common.XBeanDebug - Resolving type for handle ctsst44f3type
09:30:37.917 [main] TRACE org.apache.xmlbeans.impl.common.XBeanDebug - Resolving type for handle ctrsta472type
09:30:37.947 [main] DEBUG org.apache.poi.ooxml.POIXMLFactory - using default POIXMLDocumentPart for http://schemas.openxmlformats.org/officeDocument/2006/relationships/printerSettings
09:30:37.949 [main] TRACE org.apache.xmlbeans.impl.common.XBeanDebug - Resolving type for handle workbookec17doctype
09:30:37.956 [main] TRACE org.apache.xmlbeans.impl.common.XBeanDebug - Resolving type for handle ctworkbook83c3type
09:30:37.965 [main] TRACE org.apache.xmlbeans.impl.common.XBeanDebug - Resolving type for handle ctsheets49fdtype
09:30:37.971 [main] TRACE org.apache.xmlbeans.impl.common.XBeanDebug - Resolving type for handle ctsheet4dbetype
09:30:37.974 [main] TRACE org.apache.xmlbeans.impl.common.XBeanDebug - Resolving type for handle strelationshipid1e94type
09:30:37.979 [main] TRACE org.apache.xmlbeans.impl.common.XBeanDebug - Resolving type for handle worksheetf539doctype
09:30:37.989 [main] TRACE org.apache.xmlbeans.impl.common.XBeanDebug - Resolving type for handle ctworksheet530dtype
09:30:38.007 [main] TRACE org.apache.xmlbeans.impl.common.XBeanDebug - Resolving type for handle ctcols627ctype
09:30:38.015 [main] TRACE org.apache.xmlbeans.impl.common.XBeanDebug - Resolving type for handle ctcola95ftype
09:30:38.043 [main] TRACE org.apache.xmlbeans.impl.common.XBeanDebug - Resolving type for handle ctsheetdata8408type
09:30:38.048 [main] TRACE org.apache.xmlbeans.impl.common.XBeanDebug - Resolving type for handle ctrowdd39type
09:30:38.059 [main] TRACE org.apache.xmlbeans.impl.common.XBeanDebug - Resolving type for handle ctcell842btype
09:30:38.070 [main] TRACE org.apache.xmlbeans.impl.common.XBeanDebug - Resolving type for handle stcellrefe4e0type
09:30:38.080 [main] TRACE org.apache.xmlbeans.impl.common.XBeanDebug - Resolving type for handle cthyperlinks6416type
09:30:38.084 [main] TRACE org.apache.xmlbeans.impl.common.XBeanDebug - Resolving type for handle cthyperlink0c85type
09:30:38.106 [main] TRACE org.apache.xmlbeans.impl.common.XBeanDebug - Resolving type for handle stxstringf179type
09:30:38.128 [main] DEBUG org.apache.poi.openxml4j.opc.PackageRelationshipCollection - Parsing relationship: /xl/_rels/workbook.xml.rels
09:30:38.131 [main] DEBUG org.apache.poi.openxml4j.opc.PackageRelationshipCollection - Parsing relationship: /xl/worksheets/_rels/sheet1.xml.rels
09:30:38.134 [main] DEBUG org.apache.poi.openxml4j.opc.PackageRelationshipCollection - Parsing relationship: /_rels/.rels
09:30:38.159 [main] DEBUG org.apache.poi.ooxml.POIXMLFactory - using default POIXMLDocumentPart for http://schemas.openxmlformats.org/officeDocument/2006/relationships/printerSettings
09:30:38.207 [main] DEBUG org.apache.poi.openxml4j.opc.PackageRelationshipCollection - Parsing relationship: /xl/_rels/workbook.xml.rels
09:30:38.210 [main] DEBUG org.apache.poi.openxml4j.opc.PackageRelationshipCollection - Parsing relationship: /xl/worksheets/_rels/sheet1.xml.rels
09:30:38.212 [main] DEBUG org.apache.poi.openxml4j.opc.PackageRelationshipCollection - Parsing relationship: /_rels/.rels
09:30:38.232 [main] DEBUG org.apache.poi.ooxml.POIXMLFactory - using default POIXMLDocumentPart for http://schemas.openxmlformats.org/officeDocument/2006/relationships/printerSettings
09:30:38.255 [main] TRACE org.apache.xmlbeans.impl.common.XBeanDebug - Resolving type for handle stcelltypebf95type
09:30:38.283 [main] DEBUG org.apache.poi.openxml4j.opc.PackageRelationshipCollection - Parsing relationship: /xl/_rels/workbook.xml.rels
09:30:38.287 [main] DEBUG org.apache.poi.openxml4j.opc.PackageRelationshipCollection - Parsing relationship: /xl/worksheets/_rels/sheet1.xml.rels
09:30:38.290 [main] DEBUG org.apache.poi.openxml4j.opc.PackageRelationshipCollection - Parsing relationship: /_rels/.rels
09:30:38.345 [main] DEBUG org.apache.poi.ooxml.POIXMLFactory - using default POIXMLDocumentPart for http://schemas.openxmlformats.org/officeDocument/2006/relationships/printerSettings
09:30:38.384 [main] DEBUG org.apache.poi.openxml4j.opc.PackageRelationshipCollection - Parsing relationship: /xl/_rels/workbook.xml.rels
09:30:38.386 [main] DEBUG org.apache.poi.openxml4j.opc.PackageRelationshipCollection - Parsing relationship: /xl/worksheets/_rels/sheet1.xml.rels
09:30:38.388 [main] DEBUG org.apache.poi.openxml4j.opc.PackageRelationshipCollection - Parsing relationship: /_rels/.rels
09:30:38.404 [main] DEBUG org.apache.poi.ooxml.POIXMLFactory - using default POIXMLDocumentPart for http://schemas.openxmlformats.org/officeDocument/2006/relationships/printerSettings
09:30:38.435 [main] DEBUG org.apache.poi.openxml4j.opc.PackageRelationshipCollection - Parsing relationship: /xl/_rels/workbook.xml.rels
09:30:38.439 [main] DEBUG org.apache.poi.openxml4j.opc.PackageRelationshipCollection - Parsing relationship: /xl/worksheets/_rels/sheet1.xml.rels
09:30:38.442 [main] DEBUG org.apache.poi.openxml4j.opc.PackageRelationshipCollection - Parsing relationship: /_rels/.rels
09:30:38.457 [main] DEBUG org.apache.poi.ooxml.POIXMLFactory - using default POIXMLDocumentPart for http://schemas.openxmlformats.org/officeDocument/2006/relationships/printerSettings
09:30:38.487 [main] DEBUG org.apache.poi.openxml4j.opc.PackageRelationshipCollection - Parsing relationship: /xl/_rels/workbook.xml.rels
09:30:38.488 [main] DEBUG org.apache.poi.openxml4j.opc.PackageRelationshipCollection - Parsing relationship: /xl/worksheets/_rels/sheet1.xml.rels
09:30:38.490 [main] DEBUG org.apache.poi.openxml4j.opc.PackageRelationshipCollection - Parsing relationship: /_rels/.rels
09:30:38.512 [main] DEBUG org.apache.poi.ooxml.POIXMLFactory - using default POIXMLDocumentPart for http://schemas.openxmlformats.org/officeDocument/2006/relationships/printerSettings
09:30:38.539 [main] DEBUG org.apache.poi.openxml4j.opc.PackageRelationshipCollection - Parsing relationship: /xl/_rels/workbook.xml.rels
09:30:38.540 [main] DEBUG org.apache.poi.openxml4j.opc.PackageRelationshipCollection - Parsing relationship: /xl/worksheets/_rels/sheet1.xml.rels
09:30:38.542 [main] DEBUG org.apache.poi.openxml4j.opc.PackageRelationshipCollection - Parsing relationship: /_rels/.rels
09:30:38.559 [main] DEBUG org.apache.poi.ooxml.POIXMLFactory - using default POIXMLDocumentPart for http://schemas.openxmlformats.org/officeDocument/2006/relationships/printerSettings
09:30:38.584 [main] DEBUG org.apache.poi.openxml4j.opc.PackageRelationshipCollection - Parsing relationship: /xl/_rels/workbook.xml.rels
09:30:38.586 [main] DEBUG org.apache.poi.openxml4j.opc.PackageRelationshipCollection - Parsing relationship: /xl/worksheets/_rels/sheet1.xml.rels
09:30:38.588 [main] DEBUG org.apache.poi.openxml4j.opc.PackageRelationshipCollection - Parsing relationship: /_rels/.rels
09:30:38.603 [main] DEBUG org.apache.poi.ooxml.POIXMLFactory - using default POIXMLDocumentPart for http://schemas.openxmlformats.org/officeDocument/2006/relationships/printerSettings
09:30:38.630 [main] DEBUG org.apache.poi.openxml4j.opc.PackageRelationshipCollection - Parsing relationship: /xl/_rels/workbook.xml.rels
09:30:38.630 [main] DEBUG org.apache.poi.openxml4j.opc.PackageRelationshipCollection - Parsing relationship: /xl/worksheets/_rels/sheet1.xml.rels
09:30:38.632 [main] DEBUG org.apache.poi.openxml4j.opc.PackageRelationshipCollection - Parsing relationship: /_rels/.rels
09:30:38.646 [main] DEBUG org.apache.poi.ooxml.POIXMLFactory - using default POIXMLDocumentPart for http://schemas.openxmlformats.org/officeDocument/2006/relationships/printerSettings
09:30:38.673 [main] DEBUG org.apache.poi.openxml4j.opc.PackageRelationshipCollection - Parsing relationship: /xl/_rels/workbook.xml.rels
09:30:38.674 [main] DEBUG org.apache.poi.openxml4j.opc.PackageRelationshipCollection - Parsing relationship: /xl/worksheets/_rels/sheet1.xml.rels
09:30:38.677 [main] DEBUG org.apache.poi.openxml4j.opc.PackageRelationshipCollection - Parsing relationship: /_rels/.rels
09:30:38.692 [main] DEBUG org.apache.poi.ooxml.POIXMLFactory - using default POIXMLDocumentPart for http://schemas.openxmlformats.org/officeDocument/2006/relationships/printerSettings
09:30:38.717 [main] DEBUG org.apache.poi.openxml4j.opc.PackageRelationshipCollection - Parsing relationship: /xl/_rels/workbook.xml.rels
09:30:38.718 [main] DEBUG org.apache.poi.openxml4j.opc.PackageRelationshipCollection - Parsing relationship: /xl/worksheets/_rels/sheet1.xml.rels
09:30:38.720 [main] DEBUG org.apache.poi.openxml4j.opc.PackageRelationshipCollection - Parsing relationship: /_rels/.rels
09:30:38.733 [main] DEBUG org.apache.poi.ooxml.POIXMLFactory - using default POIXMLDocumentPart for http://schemas.openxmlformats.org/officeDocument/2006/relationships/printerSettings
09:30:38.759 [main] DEBUG org.apache.poi.openxml4j.opc.PackageRelationshipCollection - Parsing relationship: /xl/_rels/workbook.xml.rels
09:30:38.760 [main] DEBUG org.apache.poi.openxml4j.opc.PackageRelationshipCollection - Parsing relationship: /xl/worksheets/_rels/sheet1.xml.rels
09:30:38.762 [main] DEBUG org.apache.poi.openxml4j.opc.PackageRelationshipCollection - Parsing relationship: /_rels/.rels
09:30:38.775 [main] DEBUG org.apache.poi.ooxml.POIXMLFactory - using default POIXMLDocumentPart for http://schemas.openxmlformats.org/officeDocument/2006/relationships/printerSettings
09:30:38.799 [main] DEBUG org.apache.poi.openxml4j.opc.PackageRelationshipCollection - Parsing relationship: /xl/_rels/workbook.xml.rels
09:30:38.800 [main] DEBUG org.apache.poi.openxml4j.opc.PackageRelationshipCollection - Parsing relationship: /xl/worksheets/_rels/sheet1.xml.rels
09:30:38.801 [main] DEBUG org.apache.poi.openxml4j.opc.PackageRelationshipCollection - Parsing relationship: /_rels/.rels
09:30:38.812 [main] DEBUG org.apache.poi.ooxml.POIXMLFactory - using default POIXMLDocumentPart for http://schemas.openxmlformats.org/officeDocument/2006/relationships/printerSettings
09:30:38.845 [main] DEBUG org.apache.poi.openxml4j.opc.PackageRelationshipCollection - Parsing relationship: /xl/_rels/workbook.xml.rels
09:30:38.846 [main] DEBUG org.apache.poi.openxml4j.opc.PackageRelationshipCollection - Parsing relationship: /xl/worksheets/_rels/sheet1.xml.rels
09:30:38.847 [main] DEBUG org.apache.poi.openxml4j.opc.PackageRelationshipCollection - Parsing relationship: /_rels/.rels
09:30:38.861 [main] DEBUG org.apache.poi.ooxml.POIXMLFactory - using default POIXMLDocumentPart for http://schemas.openxmlformats.org/officeDocument/2006/relationships/printerSettings
09:30:38.882 [main] DEBUG org.apache.poi.openxml4j.opc.PackageRelationshipCollection - Parsing relationship: /xl/_rels/workbook.xml.rels
09:30:38.883 [main] DEBUG org.apache.poi.openxml4j.opc.PackageRelationshipCollection - Parsing relationship: /xl/worksheets/_rels/sheet1.xml.rels
09:30:38.885 [main] DEBUG org.apache.poi.openxml4j.opc.PackageRelationshipCollection - Parsing relationship: /_rels/.rels
09:30:38.901 [main] DEBUG org.apache.poi.ooxml.POIXMLFactory - using default POIXMLDocumentPart for http://schemas.openxmlformats.org/officeDocument/2006/relationships/printerSettings
09:30:38.922 [main] DEBUG org.apache.poi.openxml4j.opc.PackageRelationshipCollection - Parsing relationship: /xl/_rels/workbook.xml.rels
09:30:38.924 [main] DEBUG org.apache.poi.openxml4j.opc.PackageRelationshipCollection - Parsing relationship: /xl/worksheets/_rels/sheet1.xml.rels
09:30:38.925 [main] DEBUG org.apache.poi.openxml4j.opc.PackageRelationshipCollection - Parsing relationship: /_rels/.rels
09:30:38.936 [main] DEBUG org.apache.poi.ooxml.POIXMLFactory - using default POIXMLDocumentPart for http://schemas.openxmlformats.org/officeDocument/2006/relationships/printerSettings
09:53:27.173 [main] INFO  testCases.Tc_001_AccountRegistration - starting Tc_001_AccountRegistration 
09:53:27.179 [main] DEBUG testCases.Tc_001_AccountRegistration - capturing debug logs
09:53:27.179 [main] TRACE testCases.Tc_001_AccountRegistration - capturing trace logs.......
09:53:27.217 [main] INFO  testCases.Tc_001_AccountRegistration - clicking on my account
09:53:28.056 [main] INFO  testCases.Tc_001_AccountRegistration - clicking on registration
09:53:28.741 [main] INFO  testCases.Tc_001_AccountRegistration - passing user details
09:53:29.672 [main] INFO  testCases.Tc_001_AccountRegistration - clicking on continue
10:06:08.840 [main] INFO  testCases.Tc_001_AccountRegistration - starting Tc_001_AccountRegistration 
10:06:08.848 [main] DEBUG testCases.Tc_001_AccountRegistration - capturing debug logs
10:06:08.849 [main] TRACE testCases.Tc_001_AccountRegistration - capturing trace logs.......
10:06:08.890 [main] INFO  testCases.Tc_001_AccountRegistration - clicking on my account
10:06:09.654 [main] INFO  testCases.Tc_001_AccountRegistration - clicking on registration
10:06:10.255 [main] INFO  testCases.Tc_001_AccountRegistration - passing user details
10:06:11.304 [main] INFO  testCases.Tc_001_AccountRegistration - clicking on continue
10:19:51.266 [main] INFO  testCases.Tc_001_AccountRegistration - starting Tc_001_AccountRegistration 
10:19:51.272 [main] DEBUG testCases.Tc_001_AccountRegistration - capturing debug logs
10:19:51.272 [main] TRACE testCases.Tc_001_AccountRegistration - capturing trace logs.......
10:19:51.306 [main] INFO  testCases.Tc_001_AccountRegistration - clicking on my account
10:19:52.093 [main] INFO  testCases.Tc_001_AccountRegistration - clicking on registration
10:19:52.654 [main] INFO  testCases.Tc_001_AccountRegistration - passing user details
10:19:53.695 [main] INFO  testCases.Tc_001_AccountRegistration - clicking on continue
10:27:16.201 [main] INFO  testCases.Tc_001_AccountRegistration - starting Tc_001_AccountRegistration 
10:27:16.214 [main] DEBUG testCases.Tc_001_AccountRegistration - capturing debug logs
10:27:16.215 [main] TRACE testCases.Tc_001_AccountRegistration - capturing trace logs.......
10:27:16.260 [main] INFO  testCases.Tc_001_AccountRegistration - clicking on my account
10:27:16.600 [main] INFO  testCases.Tc_001_AccountRegistration - clicking on registration
10:27:17.314 [main] INFO  testCases.Tc_001_AccountRegistration - passing user details
10:27:18.429 [main] INFO  testCases.Tc_001_AccountRegistration - clicking on continue
11:27:43.544 [main] INFO  testCases.Tc_001_AccountRegistration - starting Tc_001_AccountRegistration 
11:27:43.556 [main] DEBUG testCases.Tc_001_AccountRegistration - capturing debug logs
11:27:43.556 [main] TRACE testCases.Tc_001_AccountRegistration - capturing trace logs.......
11:27:43.602 [main] INFO  testCases.Tc_001_AccountRegistration - clicking on my account
11:27:43.818 [main] INFO  testCases.Tc_001_AccountRegistration - clicking on registration
11:27:44.458 [main] INFO  testCases.Tc_001_AccountRegistration - passing user details
11:27:45.451 [main] INFO  testCases.Tc_001_AccountRegistration - clicking on continue
11:32:55.558 [main] INFO  testCases.Tc_001_AccountRegistration - starting Tc_001_AccountRegistration 
11:32:55.570 [main] DEBUG testCases.Tc_001_AccountRegistration - capturing debug logs
11:32:55.570 [main] TRACE testCases.Tc_001_AccountRegistration - capturing trace logs.......
11:32:55.662 [main] INFO  testCases.Tc_001_AccountRegistration - clicking on my account
11:32:56.457 [main] INFO  testCases.Tc_001_AccountRegistration - clicking on registration
11:32:57.124 [main] INFO  testCases.Tc_001_AccountRegistration - passing user details
11:32:58.223 [main] INFO  testCases.Tc_001_AccountRegistration - clicking on continue
11:34:39.541 [main] INFO  testCases.Tc_001_AccountRegistration - starting Tc_001_AccountRegistration 
11:34:39.548 [main] DEBUG testCases.Tc_001_AccountRegistration - capturing debug logs
11:34:39.548 [main] TRACE testCases.Tc_001_AccountRegistration - capturing trace logs.......
11:34:39.593 [main] INFO  testCases.Tc_001_AccountRegistration - clicking on my account
11:34:39.958 [main] INFO  testCases.Tc_001_AccountRegistration - clicking on registration
11:34:40.527 [main] INFO  testCases.Tc_001_AccountRegistration - passing user details
11:34:41.546 [main] INFO  testCases.Tc_001_AccountRegistration - clicking on continue
11:36:17.826 [main] INFO  testCases.Tc_001_AccountRegistration - starting Tc_001_AccountRegistration 
11:36:17.837 [main] DEBUG testCases.Tc_001_AccountRegistration - capturing debug logs
11:36:17.837 [main] TRACE testCases.Tc_001_AccountRegistration - capturing trace logs.......
11:36:17.881 [main] INFO  testCases.Tc_001_AccountRegistration - clicking on my account
11:36:18.185 [main] INFO  testCases.Tc_001_AccountRegistration - clicking on registration
11:36:18.869 [main] INFO  testCases.Tc_001_AccountRegistration - passing user details
11:36:19.857 [main] INFO  testCases.Tc_001_AccountRegistration - clicking on continue
09:25:28.584 [main] INFO  testCases.Tc_001_AccountRegistration - starting Tc_001_AccountRegistration 
09:25:28.592 [main] DEBUG testCases.Tc_001_AccountRegistration - capturing debug logs
09:25:28.592 [main] TRACE testCases.Tc_001_AccountRegistration - capturing trace logs.......
09:25:28.636 [main] INFO  testCases.Tc_001_AccountRegistration - clicking on my account
09:25:29.727 [main] INFO  testCases.Tc_001_AccountRegistration - clicking on registration
09:25:30.543 [main] INFO  testCases.Tc_001_AccountRegistration - passing user details
09:25:31.782 [main] INFO  testCases.Tc_001_AccountRegistration - clicking on continue
09:26:47.429 [main] INFO  testCases.Tc_001_AccountRegistration - starting Tc_001_AccountRegistration 
09:26:47.436 [main] DEBUG testCases.Tc_001_AccountRegistration - capturing debug logs
09:26:47.437 [main] TRACE testCases.Tc_001_AccountRegistration - capturing trace logs.......
09:26:47.485 [main] INFO  testCases.Tc_001_AccountRegistration - clicking on my account
09:26:47.910 [main] INFO  testCases.Tc_001_AccountRegistration - clicking on registration
09:26:48.521 [main] INFO  testCases.Tc_001_AccountRegistration - passing user details
09:26:49.388 [main] INFO  testCases.Tc_001_AccountRegistration - clicking on continue
